Arguments: 
  /home/yasminbraga/.nvm/versions/node/v12.16.1/bin/node /home/yasminbraga/.nvm/versions/node/v12.16.1/bin/yarn init

PATH: 
  /home/yasminbraga/.nvm/versions/node/v12.16.1/bin:/home/yasminbraga/.local/bin:/usr/local/sbin:/usr/local/bin:/usr/sbin:/usr/bin:/sbin:/bin:/usr/games:/usr/local/games:/snap/bin:/home/yasminbraga/Android/Sdk/tools:/home/yasminbraga/Android/Sdk/platform-tools

Yarn version: 
  1.22.4

Node version: 
  12.16.1

Platform: 
  linux x64

Trace: 
  Error: canceled
      at Interface.<anonymous> (/home/yasminbraga/.nvm/versions/node/v12.16.1/lib/node_modules/yarn/lib/cli.js:137008:13)
      at Interface.emit (events.js:311:20)
      at Interface._ttyWrite (readline.js:893:16)
      at ReadStream.onkeypress (readline.js:198:10)
      at ReadStream.emit (events.js:311:20)
      at emitKeys (internal/readline/utils.js:438:14)
      at emitKeys.next (<anonymous>)
      at ReadStream.onData (readline.js:1160:36)
      at ReadStream.emit (events.js:311:20)
      at addChunk (_stream_readable.js:294:12)

npm manifest: 
  No manifest

yarn manifest: 
  No manifest

Lockfile: 
  No lockfile
